<?xml version="1.0" encoding="UTF-8"?>
<!-- Generated by org.testng.reporters.JUnitReportReporter -->
<testsuite hostname="LavaKumar" failures="0" tests="1" name="com.spotify.GetTokenTest" time="3.524" errors="0" timestamp="2022-10-27T12:20:17 IST" skipped="0">
  <testcase classname="com.spotify.GetTokenTest" name="basicAuthTest" time="3.524"/>
  <system-out/>
</testsuite> <!-- com.spotify.GetTokenTest -->
