<?xml version="1.0" encoding="UTF-8"?>
<!-- Generated by org.testng.reporters.JUnitReportReporter -->
<testsuite hostname="LavaKumar" failures="0" tests="1" name="com.Artist.TC_03_Artist_GetArtistsAlbumTest" time="0.546" errors="0" timestamp="2022-10-31T10:57:10 IST" skipped="0">
  <testcase classname="com.Artist.TC_03_Artist_GetArtistsAlbumTest" name="GetArtistsAlbumTest" time="0.546"/>
  <system-out/>
</testsuite> <!-- com.Artist.TC_03_Artist_GetArtistsAlbumTest -->
