<?xml version="1.0" encoding="UTF-8"?>
<!-- Generated by org.testng.reporters.JUnitReportReporter -->
<testsuite hostname="LavaKumar" failures="0" tests="1" name="com.Artist.TC_02_Artist_GetSeveralArtistsTest" time="0.376" errors="0" timestamp="2022-10-31T10:57:10 IST" skipped="0">
  <testcase classname="com.Artist.TC_02_Artist_GetSeveralArtistsTest" name="GetSeveralArtistsTest" time="0.376"/>
  <system-out/>
</testsuite> <!-- com.Artist.TC_02_Artist_GetSeveralArtistsTest -->
