<?xml version="1.0" encoding="UTF-8"?>
<!-- Generated by org.testng.reporters.JUnitReportReporter -->
<testsuite hostname="LavaKumar" failures="0" tests="1" name="com.Albums.TC_01_Albums_GetAlbumTest" time="2.979" errors="0" timestamp="2022-10-31T13:30:44 IST" skipped="0">
  <testcase classname="com.Albums.TC_01_Albums_GetAlbumTest" name="getAlbumTest" time="2.979"/>
  <system-out/>
</testsuite> <!-- com.Albums.TC_01_Albums_GetAlbumTest -->
