<?xml version="1.0" encoding="UTF-8"?>
<!-- Generated by org.testng.reporters.JUnitReportReporter -->
<testsuite hostname="LavaKumar" failures="0" tests="1" name="com.Playlist.TC_03_Playlist_ChangePlaylistDetailsTest" time="4.377" errors="0" timestamp="2022-10-31T12:01:35 IST" skipped="0">
  <testcase classname="com.Playlist.TC_03_Playlist_ChangePlaylistDetailsTest" name="changePlaylistDetailsTest" time="4.377"/>
  <system-out/>
</testsuite> <!-- com.Playlist.TC_03_Playlist_ChangePlaylistDetailsTest -->
