<?xml version="1.0" encoding="UTF-8"?>
<!-- Generated by org.testng.reporters.JUnitReportReporter -->
<testsuite hostname="LavaKumar" failures="0" tests="1" name="com.Albums.TC_07_Albums_CheckSavedAlbumTest" time="0.391" errors="0" timestamp="2022-10-31T10:57:10 IST" skipped="0">
  <testcase classname="com.Albums.TC_07_Albums_CheckSavedAlbumTest" name="CheckSavedAlbumTest" time="0.391"/>
  <system-out/>
</testsuite> <!-- com.Albums.TC_07_Albums_CheckSavedAlbumTest -->
