<?xml version="1.0" encoding="UTF-8"?>
<!-- Generated by org.testng.reporters.JUnitReportReporter -->
<testsuite hostname="LavaKumar" failures="0" tests="1" name="com.Artist.TC_02GetSeveralArtistsTest" time="0.344" errors="0" timestamp="2022-10-27T17:36:49 IST" skipped="0">
  <testcase classname="com.Artist.TC_02GetSeveralArtistsTest" name="GetSeveralArtistsTest" time="0.344"/>
  <system-out/>
</testsuite> <!-- com.Artist.TC_02GetSeveralArtistsTest -->
