<?xml version="1.0" encoding="UTF-8"?>
<!-- Generated by org.testng.reporters.JUnitReportReporter -->
<testsuite hostname="LavaKumar" failures="0" tests="1" name="com.spotify.RefreshTokenTest" time="3.978" errors="0" timestamp="2022-10-27T12:26:45 IST" skipped="0">
  <testcase classname="com.spotify.RefreshTokenTest" name="refreshToken" time="3.978"/>
  <system-out/>
</testsuite> <!-- com.spotify.RefreshTokenTest -->
