<?xml version="1.0" encoding="UTF-8"?>
<!-- Generated by org.testng.reporters.JUnitReportReporter -->
<testsuite hostname="LavaKumar" failures="0" tests="1" name="com.Playlist.TC_04_Playlist_GetPlaylistItemsTest" time="3.268" errors="0" timestamp="2022-10-31T12:05:58 IST" skipped="0">
  <testcase classname="com.Playlist.TC_04_Playlist_GetPlaylistItemsTest" name="getPlaylistItemsTest" time="3.268"/>
  <system-out/>
</testsuite> <!-- com.Playlist.TC_04_Playlist_GetPlaylistItemsTest -->
