<?xml version="1.0" encoding="UTF-8"?>
<!-- Generated by org.testng.reporters.JUnitReportReporter -->
<testsuite hostname="LavaKumar" failures="0" tests="2" name="com.spotifyAuthorization.RenewTokenTest" time="5.295" errors="0" timestamp="2022-10-27T17:24:13 IST" skipped="0">
  <testcase classname="com.spotifyAuthorization.RenewTokenTest" name="zample" time="0.022"/>
  <system-out/>
  <testcase classname="com.spotifyAuthorization.RenewTokenTest" name="refreshToken" time="5.273"/>
  <system-out/>
</testsuite> <!-- com.spotifyAuthorization.RenewTokenTest -->
