<?xml version="1.0" encoding="UTF-8"?>
<!-- Generated by org.testng.reporters.JUnitReportReporter -->
<testsuite hostname="LavaKumar" failures="0" tests="1" name="com.Albums.GetAlbumTracksTest" time="4.291" errors="0" timestamp="2022-10-27T13:37:17 IST" skipped="0">
  <testcase classname="com.Albums.GetAlbumTracksTest" name="getAlbumTracksTest" time="4.291"/>
  <system-out/>
</testsuite> <!-- com.Albums.GetAlbumTracksTest -->
