<?xml version="1.0" encoding="UTF-8"?>
<!-- Generated by org.testng.reporters.JUnitReportReporter -->
<testsuite hostname="LavaKumar" failures="0" tests="1" name="com.Playlist.TC_01GetPlaylistTest" time="1.078" errors="0" timestamp="2022-10-28T10:08:05 IST" skipped="0">
  <testcase classname="com.Playlist.TC_01GetPlaylistTest" name="getPlaylistTest" time="1.078"/>
  <system-out/>
</testsuite> <!-- com.Playlist.TC_01GetPlaylistTest -->
