<?xml version="1.0" encoding="UTF-8"?>
<!-- Generated by org.testng.reporters.JUnitReportReporter -->
<testsuite hostname="LavaKumar" failures="0" tests="1" name="com.Albums.SaveAlbumsTest" time="4.239" errors="0" timestamp="2022-10-27T13:46:47 IST" skipped="0">
  <testcase classname="com.Albums.SaveAlbumsTest" name="saveAlbumsTest" time="4.239"/>
  <system-out/>
</testsuite> <!-- com.Albums.SaveAlbumsTest -->
