<?xml version="1.0" encoding="UTF-8"?>
<!-- Generated by org.testng.reporters.JUnitReportReporter -->
<testsuite hostname="LavaKumar" failures="0" tests="1" name="com.Albums.TC_02GetSeveralAlbumTest" time="0.383" errors="0" timestamp="2022-10-27T17:54:05 IST" skipped="0">
  <testcase classname="com.Albums.TC_02GetSeveralAlbumTest" name="getSeveralAlbumTest" time="0.383"/>
  <system-out/>
</testsuite> <!-- com.Albums.TC_02GetSeveralAlbumTest -->
