<?xml version="1.0" encoding="UTF-8"?>
<!-- Generated by org.testng.reporters.JUnitReportReporter -->
<testsuite hostname="LavaKumar" failures="0" tests="1" name="com.Albums.GetSavedAlbumsTest" time="4.285" errors="0" timestamp="2022-10-27T13:42:10 IST" skipped="0">
  <testcase classname="com.Albums.GetSavedAlbumsTest" name="getSavedAlbumsTest" time="4.285"/>
  <system-out/>
</testsuite> <!-- com.Albums.GetSavedAlbumsTest -->
