<?xml version="1.0" encoding="UTF-8"?>
<!-- Generated by org.testng.reporters.JUnitReportReporter -->
<testsuite hostname="LavaKumar" failures="0" tests="1" name="com.Albums.RemoveAlbumsTest" time="7.789" errors="0" timestamp="2022-10-27T13:52:06 IST" skipped="0">
  <testcase classname="com.Albums.RemoveAlbumsTest" name="removeAlbumsTest" time="7.789"/>
  <system-out/>
</testsuite> <!-- com.Albums.RemoveAlbumsTest -->
