<?xml version="1.0" encoding="UTF-8"?>
<!-- Generated by org.testng.reporters.JUnitReportReporter -->
<testsuite hostname="LavaKumar" failures="0" tests="1" name="com.Albums.TC_06_Albums_RemoveAlbumsTest" time="0.332" errors="0" timestamp="2022-10-31T10:57:10 IST" skipped="0">
  <testcase classname="com.Albums.TC_06_Albums_RemoveAlbumsTest" name="removeAlbumsTest" time="0.332"/>
  <system-out/>
</testsuite> <!-- com.Albums.TC_06_Albums_RemoveAlbumsTest -->
