<?xml version="1.0" encoding="UTF-8"?>
<!-- Generated by org.testng.reporters.JUnitReportReporter -->
<testsuite hostname="LavaKumar" failures="0" tests="1" name="com.Albums.TC_02_Albums_GetSeveralAlbumTest" time="3.233" errors="0" timestamp="2022-10-31T12:48:29 IST" skipped="0">
  <testcase classname="com.Albums.TC_02_Albums_GetSeveralAlbumTest" name="getSeveralAlbumTest" time="3.233"/>
  <system-out/>
</testsuite> <!-- com.Albums.TC_02_Albums_GetSeveralAlbumTest -->
