<?xml version="1.0" encoding="UTF-8"?>
<!-- Generated by org.testng.reporters.JUnitReportReporter -->
<testsuite hostname="LavaKumar" failures="0" tests="1" name="com.Playlist.TC_06_Playlist_UpdatePlaylistItemsTest" time="3.072" errors="0" timestamp="2022-10-31T12:29:08 IST" skipped="0">
  <testcase classname="com.Playlist.TC_06_Playlist_UpdatePlaylistItemsTest" name="changePlaylistDetailsTest" time="3.072"/>
  <system-out/>
</testsuite> <!-- com.Playlist.TC_06_Playlist_UpdatePlaylistItemsTest -->
