<?xml version="1.0" encoding="UTF-8"?>
<!-- Generated by org.testng.reporters.JUnitReportReporter -->
<testsuite hostname="LavaKumar" failures="0" tests="1" name="com.Playlist.TC_05_Playlist_AddItemsToPlaylistTest" time="3.223" errors="0" timestamp="2022-10-31T12:17:51 IST" skipped="0">
  <testcase classname="com.Playlist.TC_05_Playlist_AddItemsToPlaylistTest" name="createPlaylistTest" time="3.223"/>
  <system-out/>
</testsuite> <!-- com.Playlist.TC_05_Playlist_AddItemsToPlaylistTest -->
