<?xml version="1.0" encoding="UTF-8"?>
<!-- Generated by org.testng.reporters.JUnitReportReporter -->
<testsuite hostname="LavaKumar" failures="0" tests="1" name="com.Albums.GetAlbumTest" time="4.538" errors="0" timestamp="2022-10-27T15:10:44 IST" skipped="0">
  <testcase classname="com.Albums.GetAlbumTest" name="getAlbumTest" time="4.538"/>
  <system-out/>
</testsuite> <!-- com.Albums.GetAlbumTest -->
