<?xml version="1.0" encoding="UTF-8"?>
<!-- Generated by org.testng.reporters.JUnitReportReporter -->
<testsuite hostname="LavaKumar" failures="0" tests="1" name="com.Albums.TC_03_Albums_GetAlbumTracksTest" time="0.487" errors="0" timestamp="2022-10-31T10:57:10 IST" skipped="0">
  <testcase classname="com.Albums.TC_03_Albums_GetAlbumTracksTest" name="getAlbumTracksTest" time="0.487"/>
  <system-out/>
</testsuite> <!-- com.Albums.TC_03_Albums_GetAlbumTracksTest -->
