<?xml version="1.0" encoding="UTF-8"?>
<!-- Generated by org.testng.reporters.JUnitReportReporter -->
<testsuite hostname="LavaKumar" failures="0" tests="1" name="com.spotifyAuthorization.GetAlbumTest" time="2.695" errors="0" timestamp="2022-10-27T12:53:23 IST" skipped="0">
  <testcase classname="com.spotifyAuthorization.GetAlbumTest" name="getAlbum" time="2.695"/>
  <system-out/>
</testsuite> <!-- com.spotifyAuthorization.GetAlbumTest -->
