<?xml version="1.0" encoding="UTF-8"?>
<!-- Generated by org.testng.reporters.JUnitReportReporter -->
<testsuite hostname="LavaKumar" failures="0" tests="1" name="com.Albums.TC_08_Albums_GetNewReleasesTest" time="0.537" errors="0" timestamp="2022-10-31T10:57:10 IST" skipped="0">
  <testcase classname="com.Albums.TC_08_Albums_GetNewReleasesTest" name="getNewReleasesTest" time="0.537"/>
  <system-out/>
</testsuite> <!-- com.Albums.TC_08_Albums_GetNewReleasesTest -->
