<?xml version="1.0" encoding="UTF-8"?>
<!-- Generated by org.testng.reporters.JUnitReportReporter -->
<testsuite hostname="LavaKumar" failures="0" tests="1" name="com.Playlist.TC_02_PlayList_CreatePlaylistTest" time="5.141" errors="0" timestamp="2022-10-31T10:57:10 IST" skipped="0">
  <testcase classname="com.Playlist.TC_02_PlayList_CreatePlaylistTest" name="createPlaylistTest" time="5.141"/>
  <system-out/>
</testsuite> <!-- com.Playlist.TC_02_PlayList_CreatePlaylistTest -->
