<?xml version="1.0" encoding="UTF-8"?>
<!-- Generated by org.testng.reporters.JUnitReportReporter -->
<testsuite hostname="LavaKumar" failures="0" tests="1" name="com.Albums.TC_05_Albums_SaveAlbumsTest" time="0.770" errors="0" timestamp="2022-10-31T10:57:10 IST" skipped="0">
  <testcase classname="com.Albums.TC_05_Albums_SaveAlbumsTest" name="saveAlbumsTest" time="0.770"/>
  <system-out/>
</testsuite> <!-- com.Albums.TC_05_Albums_SaveAlbumsTest -->
